verilator -Wno-fatal --cc --exe --build \
	    -CFLAGS "-DNUM_CORES=1 -std=c++17 -O1" \
	    -GN_CORES=1 \
	    -GUSE_CACHE=0 \
	    -Irtl \
	    --top-module m68k_top \
	    -Mdir build_slow \
	    -o Vm68k_top \
	    rtl/m68k_alu.v rtl/m68k_regfile.v rtl/m68k_decoder.v rtl/m68k_cache.v rtl/m68k_passthrough.v rtl/m68k_bus.v rtl/m68k_core.v rtl/m68k_top.v tb/sim_main.cpp
%Warning-WIDTHTRUNC: rtl/m68k_passthrough.v:10:29: Operator VAR 'CORE_ID' expects 1 bits on the Initial value, but Initial value's CONST '32'h0' generates 32 bits.
   10 |     parameter [ID_BITS-1:0] CORE_ID = 0,
      |                             ^~~~~~~
                     ... For warning description see https://verilator.org/warn/WIDTHTRUNC?v=5.048
                     ... Use "/* verilator lint_off WIDTHTRUNC */" and lint_on around source to disable this message.
%Warning-WIDTHTRUNC: rtl/m68k_passthrough.v:10:29: Operator VAR 'CORE_ID' expects 1 bits on the Initial value, but Initial value's CONST '32'h1' generates 32 bits.
   10 |     parameter [ID_BITS-1:0] CORE_ID = 0,
      |                             ^~~~~~~
%Warning-WIDTHEXPAND: rtl/m68k_bus.v:141:28: Operator EQ expects 32 bits on the LHS, but LHS's VARREF 'winner' generates 1 bits.
                                           : ... note: In instance 'm68k_top.u_bus'
  141 |                 if (winner == (N_PORTS-1))
      |                            ^~
                      ... For warning description see https://verilator.org/warn/WIDTHEXPAND?v=5.048
                      ... Use "/* verilator lint_off WIDTHEXPAND */" and lint_on around source to disable this message.
%Warning-WIDTHEXPAND: rtl/m68k_core.v:200:54: Operator GTE expects 4 bits on the RHS, but RHS's VARREF 'total_words_eff' generates 3 bits.
                                            : ... note: In instance 'm68k_top.g_core[0].u_core'
  200 |     wire would_be_complete = ({1'b0, new_words_done} >= total_words_eff) && (new_words_done != 3'd0);
      |                                                      ^~
%Warning-WIDTHTRUNC: rtl/m68k_core.v:249:57: Bit extraction of array[3:0] requires 2 bit index, not 3 bits.
                                           : ... note: In instance 'm68k_top.g_core[0].u_core'
  249 |                 else if (if_slot <= 3'd4)         if_ext[if_slot - 3'd1] <= half_word_w;
      |                                                         ^
c++  -I.  -MMD -I/opt/homebrew/Cellar/verilator/5.048/share/verilator/include -I/opt/homebrew/Cellar/verilator/5.048/share/verilator/include/vltstd -DVERILATOR=1 -DVM_COVERAGE=0 -DVM_SC=0 -DVM_TIMING=0 -DVM_TRACE=0 -DVM_TRACE_FST=0 -DVM_TRACE_VCD=0 -DVM_TRACE_SAIF=0 -faligned-new -fbracket-depth=4096 -fcf-protection=none -Xclang -fno-pch-timestamp -Qunused-arguments -Wno-bool-operation -Wno-c++11-narrowing -Wno-constant-logical-operand -Wno-int-in-bool-context -Wno-non-pod-varargs -Wno-parentheses-equality -Wno-shadow -Wno-sign-compare -Wno-tautological-bitwise-compare -Wno-tautological-compare -Wno-uninitialized -Wno-unnecessary-virtual-specifier -Wno-unused-but-set-parameter -Wno-unused-but-set-variable -Wno-unused-parameter -Wno-unused-variable -Wno-vla-cxx-extension    -DNUM_CORES=1 -std=c++17 -O1   -Os  -c -o sim_main.o ../tb/sim_main.cpp
c++ -Os  -I.  -MMD -I/opt/homebrew/Cellar/verilator/5.048/share/verilator/include -I/opt/homebrew/Cellar/verilator/5.048/share/verilator/include/vltstd -DVERILATOR=1 -DVM_COVERAGE=0 -DVM_SC=0 -DVM_TIMING=0 -DVM_TRACE=0 -DVM_TRACE_FST=0 -DVM_TRACE_VCD=0 -DVM_TRACE_SAIF=0 -faligned-new -fbracket-depth=4096 -fcf-protection=none -Xclang -fno-pch-timestamp -Qunused-arguments -Wno-bool-operation -Wno-c++11-narrowing -Wno-constant-logical-operand -Wno-int-in-bool-context -Wno-non-pod-varargs -Wno-parentheses-equality -Wno-shadow -Wno-sign-compare -Wno-tautological-bitwise-compare -Wno-tautological-compare -Wno-uninitialized -Wno-unnecessary-virtual-specifier -Wno-unused-but-set-parameter -Wno-unused-but-set-variable -Wno-unused-parameter -Wno-unused-variable -Wno-vla-cxx-extension    -DNUM_CORES=1 -std=c++17 -O1   -c -o verilated.o /opt/homebrew/Cellar/verilator/5.048/share/verilator/include/verilated.cpp
c++ -Os  -I.  -MMD -I/opt/homebrew/Cellar/verilator/5.048/share/verilator/include -I/opt/homebrew/Cellar/verilator/5.048/share/verilator/include/vltstd -DVERILATOR=1 -DVM_COVERAGE=0 -DVM_SC=0 -DVM_TIMING=0 -DVM_TRACE=0 -DVM_TRACE_FST=0 -DVM_TRACE_VCD=0 -DVM_TRACE_SAIF=0 -faligned-new -fbracket-depth=4096 -fcf-protection=none -Xclang -fno-pch-timestamp -Qunused-arguments -Wno-bool-operation -Wno-c++11-narrowing -Wno-constant-logical-operand -Wno-int-in-bool-context -Wno-non-pod-varargs -Wno-parentheses-equality -Wno-shadow -Wno-sign-compare -Wno-tautological-bitwise-compare -Wno-tautological-compare -Wno-uninitialized -Wno-unnecessary-virtual-specifier -Wno-unused-but-set-parameter -Wno-unused-but-set-variable -Wno-unused-parameter -Wno-unused-variable -Wno-vla-cxx-extension    -DNUM_CORES=1 -std=c++17 -O1   -c -o verilated_threads.o /opt/homebrew/Cellar/verilator/5.048/share/verilator/include/verilated_threads.cpp
python3 /opt/homebrew/Cellar/verilator/5.048/share/verilator/bin/verilator_includer -DVL_INCLUDE_OPT=include Vm68k_top.cpp Vm68k_top___024root__0.cpp Vm68k_top___024root__Slow.cpp Vm68k_top___024root__0__Slow.cpp Vm68k_top__Syms__Slow.cpp > Vm68k_top__ALL.cpp
c++ -Os  -I.  -MMD -I/opt/homebrew/Cellar/verilator/5.048/share/verilator/include -I/opt/homebrew/Cellar/verilator/5.048/share/verilator/include/vltstd -DVERILATOR=1 -DVM_COVERAGE=0 -DVM_SC=0 -DVM_TIMING=0 -DVM_TRACE=0 -DVM_TRACE_FST=0 -DVM_TRACE_VCD=0 -DVM_TRACE_SAIF=0 -faligned-new -fbracket-depth=4096 -fcf-protection=none -Xclang -fno-pch-timestamp -Qunused-arguments -Wno-bool-operation -Wno-c++11-narrowing -Wno-constant-logical-operand -Wno-int-in-bool-context -Wno-non-pod-varargs -Wno-parentheses-equality -Wno-shadow -Wno-sign-compare -Wno-tautological-bitwise-compare -Wno-tautological-compare -Wno-uninitialized -Wno-unnecessary-virtual-specifier -Wno-unused-but-set-parameter -Wno-unused-but-set-variable -Wno-unused-parameter -Wno-unused-variable -Wno-vla-cxx-extension    -DNUM_CORES=1 -std=c++17 -O1   -c -o Vm68k_top__ALL.o Vm68k_top__ALL.cpp
c++  -Wl,-U,__Z15vl_time_stamp64v,-U,__Z13sc_time_stampv,-U,_vlog_startup_routines   sim_main.o verilated.o verilated_threads.o Vm68k_top__ALL.a    -pthread -lpthread   -o Vm68k_top
rm Vm68k_top__ALL.verilator_deplist.tmp
- V e r i l a t i o n   R e p o r t: Verilator 5.048 2026-04-26 rev vUNKNOWN-built20260426
- Verilator: Built from 0.317 MB sources in 9 modules, into 0.454 MB in 5 C++ files needing 0.001 MB
- Verilator: Walltime 2.708 s (elab=0.004, cvt=0.025, bld=2.668); cpu 0.040 s on 1 threads; allocated 19.656 MB
